<?xml version="1.0" encoding="UTF-8"?>
<!-- Generated by org.testng.reporters.JUnitReportReporter -->
<testsuite hostname="LAPTOP-I8QCDANL" name="JenkinsTest.TestRunJenkins" tests="1" failures="0" timestamp="25 Nov 2018 14:47:19 GMT" time="12.850" errors="0">
  <testcase name="test" time="12.850" classname="JenkinsTest.TestRunJenkins"/>
</testsuite> <!-- JenkinsTest.TestRunJenkins -->
